|SourceProjectName:MasterEndUserHelp.hpr
|DestinationProjectName:index.htm
index_hha.hhk
index.hhc
index.hhk
Align_Screen.htm
Analog_I_O.htm
CBH_axis.htm
Change_Consumables_Screen.htm
Current_Part_Options_Screen.htm
Cut_a_part.htm
Diagnostics_Screen.htm
Digital_I_O.htm
Dual_Gantry.htm
Files_or_Load_From_Disk_Screen.htm
Gas_Console_Inputs_Screen.htm
Home_Axes_Screen.htm
HPR_System_Screen.htm
Laser_Mapping.htm
Load_a_part.htm
Machine_Setup_screen.htm
Main_Screen.htm
Manual_Options_Screen.htm
Manual_Screen.htm
Marker_1_and_2_No_THC.htm
Marker_1_and_2_Sensor_THC.htm
Nester_Screen.htm
Nester_Setups_Screen.htm
Oscilloscope_Screen.htm
Oxy_Fuel_Cut_Chart_Screen.htm
Oxy_Fuel_Screen.htm
Pause_screen.htm
Plasma_1_and_2_No_THC.htm
Plasma_1_and_2_Sensor_THC.htm
Plasma_Cut_Chart_for_XPR.htm
Plasma_Cut_Chart_Screen.htm
Power_Supply_Inputs_Screen.htm
Remnant_Trace_Screen.htm
Repeat_Screen.htm
Rotate_and_Rotate_2_axes.htm
S-curve_acceleration.htm
Save_System_Files_Screen.htm
Save_to_Disk_Screen.htm
Sensor_THC_axis.htm
Setup_files.htm
Setups_Screen.htm
Shape_Manager_or_Shape_Library_Screen.htm
Shape_Wizard.htm
Special_Setups.htm
Speeds_screen.htm
Station_Configurarion_Screen.htm
System.htm
Text_Editor_Screen.htm
Tilt_and_Tilt_2_axes.htm
Torch_height_disable.htm
Transverse_2_axis.htm
Transverse_or_Rail_axis.htm
Watch_Screen.htm
Cut_Process_ID.hts
Cutting_Surface.hts
template\Theme3_Black2\jquery.js
template\Theme3_Black\jquery.js
template\Theme3_Black2\jqueryui-custom.js
template\Theme3_Black\jqueryui-custom.js
template\Theme3_Black2\layout.js
template\Theme3_Black\layout.js
Marking_ID.hts
N2_Marking_Process_ID.hts
template\Theme3_Black2\overthrow.min.js
template\Theme3_Black\overthrow.min.js
template\Theme3_Black\overthrow.sidescroller.min.js
template\Theme3_Black2\overthrow.sidescroller.min.js
Record_ID.hts
Screen_template.htt
index.glo
default.css
template\Theme3_Black\main.css
template\Theme3_Black\jqueryui-custom.css
template\Theme3_Black2\main.css
template\Theme3_Black2\jqueryui-custom.css
template\Theme3_Black2\home.png
template\Theme3_Black2\logo.png
template\Theme3_Black2\ui-bg_glass_95_fef1ec_1x400.png
template\Theme3_Black2\ui-bg_glass_75_d0e5f5_1x400.png
template\Theme3_Black2\ui-bg_glass_85_dfeffc_1x400.png
template\Theme3_Black\TOCTreeCloseBookSelected.png
template\Theme3_Black\Print.png
template\Theme3_Black\index.png
template\Theme3_Black\select_button.png
template\Theme3_Black\search_advanced_open.png
template\Theme3_Black\topic.png
template\Theme3_Black\toc_buttonbar_hover.png
template\Theme3_Black2\animated-overlay.gif
template\Theme3_Black2\topic_buttonbar_small.png
template\Theme3_Black2\index_buttonbar_small.png
template\Theme3_Black2\index_buttonbar_hover.png
template\Theme3_Black\search_buttonbar_small.png
template\Theme3_Black\search_buttonbar_hover.png
Art\SoftOpConStartStop.jpg
template\Theme3_Black2\glo_buttonbar_small.png
template\Theme3_Black2\glo_buttonbar_hover.png
template\Theme3_Black\close_sidebar.png
template\Theme3_Black\glo_buttonbar.png
template\Theme3_Black2\index_hover.png
template\Theme3_Black2\search_advanced_closed.png
template\Theme3_Black2\TOCNodeUp.png
template\Theme3_Black2\search_hover_buttonbar_small.png
template\Theme3_Black2\to_top.png
template\Theme3_Black\BSNext_hover.png
template\Theme3_Black\glo_hover.png
template\Theme3_Black\TOCTreeLinkSelected.png
template\Theme3_Black\TOCTreeLinkHover.png
template\Theme3_Black\TOCTreePageSelected.png
template\Theme3_Black\TOCTreePageHover.png
template\Theme3_Black\toc_hover.png
template\Theme3_Black\search_buttonbar.png
Art\ManualOptions.jpg
template\Theme3_Black2\TOCTreeLinkHover.png
template\Theme3_Black2\TOCTreePageHover.png
template\Theme3_Black2\glo_hover_buttonbar_small.png
template\Theme3_Black2\toc_hover_buttonbar_small.png
template\Theme3_Black\glo.png
template\Theme3_Black\toc.png
template\Theme3_Black\ui-bg_glass_95_fef1ec_1x400.png
template\Theme3_Black\ui-bg_glass_75_d0e5f5_1x400.png
template\Theme3_Black\ui-bg_glass_85_dfeffc_1x400.png
template\Theme3_Black\index_hover_buttonbar_small.png
template\Theme3_Black\toc_buttonbar_small.png
Art\Watch_Icons.jpg
template\Theme3_Black2\TOCTreeCloseBookSelected.png
template\Theme3_Black2\ui-bg_flat_55_fbec88_40x100.png
template\Theme3_Black2\home_hover.png
template\Theme3_Black2\index_buttonbar.png
template\Theme3_Black\topic_right.png
template\Theme3_Black\topic_left.png
template\Theme3_Black\Print_hover.png
template\Theme3_Black\index_hover.png
template\Theme3_Black\topic_hover.png
template\Theme3_Black2\TOCTreeCloseBookHover.png
template\Theme3_Black2\Print_hover.png
template\Theme3_Black\ui-bg_inset-hard_100_f5f8f9_1x100.png
template\Theme3_Black\ui-bg_inset-hard_100_fcfdfd_1x100.png
template\Theme3_Black\TOCNodeUpSmall.png
template\Theme3_Black\toc_buttonbar.png
template\Theme3_Black2\BSBack.png
template\Theme3_Black2\topic_left.png
template\Theme3_Black2\glo.png
template\Theme3_Black2\Search.png
template\Theme3_Black2\toc.png
template\Theme3_Black2\searchNext.png
template\Theme3_Black2\searchBack.png
template\Theme3_Black2\close_sidebar.png
template\Theme3_Black2\index_hover_buttonbar_small.png
template\Theme3_Black2\switch.png
template\Theme3_Black2\topic.png
template\Theme3_Black2\glo_buttonbar.png
template\Theme3_Black\home.png
template\Theme3_Black\logo.png
template\Theme3_Black\search_hover_buttonbar_small.png
template\Theme3_Black\to_top.png
template\Theme3_Black\ui-bg_flat_0_aaaaaa_40x100.png
Art\ScurveJerkAccelVelocity.jpg
template\Theme3_Black2\ui-bg_flat_0_aaaaaa_40x100.png
template\Theme3_Black\TOCTreeLink.png
template\Theme3_Black\TOCTreePage.png
template\Theme3_Black\TOCTreeCloseBook.png
template\Theme3_Black\TOCTreeCloseBookHover.png
template\Theme3_Black\animated-overlay.gif
template\Theme3_Black\TOCNodeCloseBook.png
template\Theme3_Black\open_sidebar.png
template\Theme3_Black\glo_buttonbar_hover.png
template\Theme3_Black2\TOCTreeOpenBook.png
template\Theme3_Black2\TOCTreeOpenBookHover.png
template\Theme3_Black2\TOCTreeCloseBook.png
template\Theme3_Black2\ui-bg_gloss-wave_55_5c9ccc_500x100.png
template\Theme3_Black2\TOCNodeOpenBook.png
template\Theme3_Black2\TOCNodeCloseBook.png
template\Theme3_Black\TOCTreeOpenBookSelected.png
template\Theme3_Black\TOCNodeUp.png
template\Theme3_Black\TOCNodeLink.png
template\Theme3_Black\TOCNodePage.png
template\Theme3_Black\index_buttonbar_small.png
template\Theme3_Black\index_buttonbar_hover.png
template\Theme3_Black\index_buttonbar.png
template\Theme3_Black2\topic_right.png
template\Theme3_Black2\TOCTreeLink.png
template\Theme3_Black2\TOCTreePage.png
template\Theme3_Black2\Print.png
template\Theme3_Black2\TOCNodeLink.png
template\Theme3_Black2\TOCNodePage.png
template\Theme3_Black2\topic_hover.png
template\Theme3_Black\BSNext.png
template\Theme3_Black\topic_buttonbar_small.png
Art\ZoomOut.jpg
Art\ZoomIn.jpg
template\Theme3_Black2\ui-bg_inset-hard_100_f5f8f9_1x100.png
template\Theme3_Black2\ui-bg_inset-hard_100_fcfdfd_1x100.png
template\Theme3_Black2\icon_back_small.png
template\Theme3_Black2\search_buttonbar_small.png
template\Theme3_Black2\search_buttonbar_hover.png
template\Theme3_Black\ui-bg_flat_55_fbec88_40x100.png
template\Theme3_Black\glo_hover_buttonbar_small.png
template\Theme3_Black\toc_hover_buttonbar_small.png
Art\Software_limits.jpg
template\Theme3_Black2\BSNext_hover.png
template\Theme3_Black2\BSBack_hover.png
template\Theme3_Black2\TOCTreeLinkSelected.png
template\Theme3_Black2\TOCTreePageSelected.png
template\Theme3_Black2\TOCTreeOpenBookSelected.png
template\Theme3_Black2\select_button.png
template\Theme3_Black2\TOCNodeUpSmall.png
template\Theme3_Black2\open_sidebar.png
template\Theme3_Black2\toc_buttonbar_small.png
template\Theme3_Black2\search_buttonbar.png
template\Theme3_Black2\toc_buttonbar_hover.png
template\Theme3_Black\TOCTreeOpenBook.png
template\Theme3_Black\TOCTreeOpenBookHover.png
template\Theme3_Black\ui-bg_gloss-wave_55_5c9ccc_500x100.png
template\Theme3_Black\search_advanced_closed.png
template\Theme3_Black\TOCNodeOpenBook.png
template\Theme3_Black\icon_back_small.png
Art\ManualKey.jpg
template\Theme3_Black2\glo_hover.png
template\Theme3_Black2\toc_hover.png
template\Theme3_Black2\search_advanced_open.png
template\Theme3_Black\BSBack_hover.png
template\Theme3_Black\home_hover.png
template\Theme3_Black\Search.png
template\Theme3_Black\searchNext.png
template\Theme3_Black\searchBack.png
template\Theme3_Black\switch.png
template\Theme3_Black2\BSNext.png
template\Theme3_Black2\index.png
template\Theme3_Black2\toc_buttonbar.png
template\Theme3_Black\BSBack.png
template\Theme3_Black\glo_buttonbar_small.png
Art\TrapJerkAccelVelocity.jpg
RoboHHRE.lng
ehlpdhtm.js
index.htm
SearchOptions.xml
index.ppf
whxdata\toc2.js
whxdata\toc2.new.js
whxdata\toc3.js
whxdata\toc3.new.js
whxdata\toc4.js
whxdata\toc4.new.js
whxdata\toc5.js
whxdata\toc5.new.js
whxdata\toc6.js
whxdata\toc6.new.js
whxdata\toc7.js
whxdata\toc7.new.js
whxdata\toc8.js
whxdata\toc8.new.js
whxdata\toc9.js
whxdata\toc9.new.js
whxdata\toc10.js
whxdata\toc10.new.js
whxdata\toc11.js
whxdata\toc11.new.js
whxdata\toc12.js
whxdata\toc12.new.js
whxdata\toc1.js
whxdata\toc1.new.js
whxdata\toc.js
whxdata\toc.new.js
whxdata\idx.js
whxdata\idx.new.js
whxdata\glo.js
whxdata\glo.new.js
whxdata\package_0_xml.js
whxdata\package_1_xml.js
whxdata\package_2_xml.js
whxdata\package_3_xml.js
whxdata\package_4_xml.js
whxdata\package_5_xml.js
whxdata\package_6_xml.js
whxdata\package_7_xml.js
whxdata\package_8_xml.js
whxdata\package_9_xml.js
whxdata\package_10_xml.js
whxdata\package_11_xml.js
whxdata\package_12_xml.js
whxdata\package_13_xml.js
whxdata\package_14_xml.js
whxdata\package_15_xml.js
whxdata\package_16_xml.js
whxdata\package_17_xml.js
whxdata\package_18_xml.js
whxdata\package_19_xml.js
whxdata\package_20_xml.js
whxdata\package_21_xml.js
whxdata\package_22_xml.js
whxdata\package_23_xml.js
whxdata\package_24_xml.js
whxdata\package_25_xml.js
whxdata\package_26_xml.js
whxdata\package_27_xml.js
whxdata\packageindex_xml.js
whxdata\synonym.xml
whxdata\synonym_xml.js
whxdata\topictable_0_xml.js
whxdata\topictable_1_xml.js
whxdata\topictableindex_xml.js
whxdata\whfts.xml
whxdata\whfts_xml.js
whxdata\csh.js
whxdata\window.js
projectdata.js
